<?xml version="1.0" encoding="UTF-8"?>
<testsuite xmlns:xsi="http://www.w3.org/2001/XMLSchema-instance" xsi:noNamespaceSchemaLocation="https://maven.apache.org/surefire/maven-surefire-plugin/xsd/surefire-test-report-3.0.xsd" version="3.0" name="edu.smu.smusql.EngineTest" time="0.446" tests="5" errors="0" skipped="0" failures="0">
  <properties>
[...]
</properties>
  <testcase name="testInsertIntoTable" classname="edu.smu.smusql.EngineTest" time="0.406"/>
  <testcase name="testUpdateTable" classname="edu.smu.smusql.EngineTest" time="0.016"/>
  <testcase name="testCreateTable" classname="edu.smu.smusql.EngineTest" time="0.004"/>
  <testcase name="testSelectFromTable" classname="edu.smu.smusql.EngineTest" time="0.003"/>
  <testcase name="testDeleteFromTable" classname="edu.smu.smusql.EngineTest" time="0.002"/>
</testsuite>